<?xml version="1.0" encoding="UTF-8"?>
<!-- Generated by org.testng.reporters.JUnitXMLReporter -->
<testsuite ignored="15" hostname="LAPTOP-GOCGSJGJ" failures="1" tests="1" name="Default test" time="18.339" errors="0" timestamp="2024-05-16T17:07:42 IST">
  <testcase classname="seleniumbasiccommands.Seleniumcommands" name="verifySimpleAlert" time="12.075">
    <failure type="org.openqa.selenium.ElementClickInterceptedException" message="element click intercepted: Element &amp;lt;button id=&amp;quot;alertButton&amp;quot; type=&amp;quot;button&amp;quot; class=&amp;quot;btn btn-primary&amp;quot;&amp;gt;...&amp;lt;/button&amp;gt; is not clickable at point (732, 542). Other element would receive the click: &amp;lt;iframe frameborder=&amp;quot;0&amp;quot; src=&amp;quot;https://1e7039b000bbb27164e47f17c55c521d.safeframe.googlesyndication.com/safeframe/1-0-40/html/container.html&amp;quot; id=&amp;quot;google_ads_iframe_/21849154601,22343295815/Ad.Plus-Anchor_0&amp;quot; title=&amp;quot;3rd party ad content&amp;quot; name=&amp;quot;&amp;quot; scrolling=&amp;quot;no&amp;quot; marginwidth=&amp;quot;0&amp;quot; marginheight=&amp;quot;0&amp;quot; width=&amp;quot;728&amp;quot; height=&amp;quot;90&amp;quot; data-is-safeframe=&amp;quot;true&amp;quot; sandbox=&amp;quot;allow-forms allow-popups allow-popups-to-escape-sandbox allow-same-origin allow-scripts allow-top-navigation-by-user-activation&amp;quot; aria-label=&amp;quot;Advertisement&amp;quot; tabindex=&amp;quot;0&amp;quot; data-google-container-id=&amp;quot;1&amp;quot; style=&amp;quot;border: 0px; vertical-align: bottom;&amp;quot; data-load-complete=&amp;quot;true&amp;quot;&amp;gt;&amp;lt;/iframe&amp;gt;
  (Session info: chrome=124.0.6367.202)
Build info: version: &amp;apos;4.18.1&amp;apos;, revision: &amp;apos;b1d3319b48&amp;apos;
System info: os.name: &amp;apos;Windows 11&amp;apos;, os.arch: &amp;apos;amd64&amp;apos;, os.version: &amp;apos;10.0&amp;apos;, java.version: &amp;apos;17.0.8.1&amp;apos;
Driver info: org.openqa.selenium.chrome.ChromeDriver
Command: [89f49ae7496c1157e2e9432240f2650a, clickElement {id=f.9DBFA026D2B8C750BE361C26538FA243.d.8C26F872A9C94A858C52A96FA71E8BC2.e.51}]
Capabilities {acceptInsecureCerts: false, browserName: chrome, browserVersion: 124.0.6367.202, chrome: {chromedriverVersion: 124.0.6367.207 (a9001a6e39f..., userDataDir: C:\Users\AKHILA~1\AppData\L...}, fedcm:accounts: true, goog:chromeOptions: {debuggerAddress: localhost:51508}, networkConnectionEnabled: false, pageLoadStrategy: normal, platformName: windows, proxy: Proxy(), se:cdp: ws://localhost:51508/devtoo..., se:cdpVersion: 124.0.6367.202, setWindowRect: true, strictFileInteractability: false, timeouts: {implicit: 0, pageLoad: 300000, script: 30000}, unhandledPromptBehavior: dismiss and notify, webauthn:extension:credBlob: true, webauthn:extension:largeBlob: true, webauthn:extension:minPinLength: true, webauthn:extension:prf: true, webauthn:virtualAuthenticators: true}
Element: [[ChromeDriver: chrome on windows (89f49ae7496c1157e2e9432240f2650a)] -&amp;gt; xpath: //button[@id=&amp;apos;alertButton&amp;apos;]]
Session ID: 89f49ae7496c1157e2e9432240f2650a">
      <![CDATA[org.openqa.selenium.ElementClickInterceptedException: element click intercepted: Element <button id="alertButton" type="button" class="btn btn-primary">...</button> is not clickable at point (732, 542). Other element would receive the click: <iframe frameborder="0" src="https://1e7039b000bbb27164e47f17c55c521d.safeframe.googlesyndication.com/safeframe/1-0-40/html/container.html" id="google_ads_iframe_/21849154601,22343295815/Ad.Plus-Anchor_0" title="3rd party ad content" name="" scrolling="no" marginwidth="0" marginheight="0" width="728" height="90" data-is-safeframe="true" sandbox="allow-forms allow-popups allow-popups-to-escape-sandbox allow-same-origin allow-scripts allow-top-navigation-by-user-activation" aria-label="Advertisement" tabindex="0" data-google-container-id="1" style="border: 0px; vertical-align: bottom;" data-load-complete="true"></iframe>
  (Session info: chrome=124.0.6367.202)
Build info: version: '4.18.1', revision: 'b1d3319b48'
System info: os.name: 'Windows 11', os.arch: 'amd64', os.version: '10.0', java.version: '17.0.8.1'
Driver info: org.openqa.selenium.chrome.ChromeDriver
Command: [89f49ae7496c1157e2e9432240f2650a, clickElement {id=f.9DBFA026D2B8C750BE361C26538FA243.d.8C26F872A9C94A858C52A96FA71E8BC2.e.51}]
Capabilities {acceptInsecureCerts: false, browserName: chrome, browserVersion: 124.0.6367.202, chrome: {chromedriverVersion: 124.0.6367.207 (a9001a6e39f..., userDataDir: C:\Users\AKHILA~1\AppData\L...}, fedcm:accounts: true, goog:chromeOptions: {debuggerAddress: localhost:51508}, networkConnectionEnabled: false, pageLoadStrategy: normal, platformName: windows, proxy: Proxy(), se:cdp: ws://localhost:51508/devtoo..., se:cdpVersion: 124.0.6367.202, setWindowRect: true, strictFileInteractability: false, timeouts: {implicit: 0, pageLoad: 300000, script: 30000}, unhandledPromptBehavior: dismiss and notify, webauthn:extension:credBlob: true, webauthn:extension:largeBlob: true, webauthn:extension:minPinLength: true, webauthn:extension:prf: true, webauthn:virtualAuthenticators: true}
Element: [[ChromeDriver: chrome on windows (89f49ae7496c1157e2e9432240f2650a)] -> xpath: //button[@id='alertButton']]
Session ID: 89f49ae7496c1157e2e9432240f2650a
at java.base/jdk.internal.reflect.NativeConstructorAccessorImpl.newInstance0(Native Method)
at java.base/jdk.internal.reflect.NativeConstructorAccessorImpl.newInstance(NativeConstructorAccessorImpl.java:77)
at java.base/jdk.internal.reflect.DelegatingConstructorAccessorImpl.newInstance(DelegatingConstructorAccessorImpl.java:45)
at java.base/java.lang.reflect.Constructor.newInstanceWithCaller(Constructor.java:499)
at java.base/java.lang.reflect.Constructor.newInstance(Constructor.java:480)
at org.openqa.selenium.remote.ErrorCodec.decode(ErrorCodec.java:167)
at org.openqa.selenium.remote.codec.w3c.W3CHttpResponseCodec.decode(W3CHttpResponseCodec.java:138)
at org.openqa.selenium.remote.codec.w3c.W3CHttpResponseCodec.decode(W3CHttpResponseCodec.java:50)
at org.openqa.selenium.remote.HttpCommandExecutor.execute(HttpCommandExecutor.java:190)
at org.openqa.selenium.remote.service.DriverCommandExecutor.invokeExecute(DriverCommandExecutor.java:216)
at org.openqa.selenium.remote.service.DriverCommandExecutor.execute(DriverCommandExecutor.java:174)
at org.openqa.selenium.remote.RemoteWebDriver.execute(RemoteWebDriver.java:519)
at org.openqa.selenium.remote.RemoteWebElement.execute(RemoteWebElement.java:223)
at org.openqa.selenium.remote.RemoteWebElement.click(RemoteWebElement.java:76)
at seleniumbasiccommands.Seleniumcommands.verifySimpleAlert(Seleniumcommands.java:205)
at java.base/jdk.internal.reflect.NativeMethodAccessorImpl.invoke0(Native Method)
at java.base/jdk.internal.reflect.NativeMethodAccessorImpl.invoke(NativeMethodAccessorImpl.java:77)
at java.base/jdk.internal.reflect.DelegatingMethodAccessorImpl.invoke(DelegatingMethodAccessorImpl.java:43)
at java.base/java.lang.reflect.Method.invoke(Method.java:568)
at org.testng.internal.invokers.MethodInvocationHelper.invokeMethod(MethodInvocationHelper.java:139)
at org.testng.internal.invokers.TestInvoker.invokeMethod(TestInvoker.java:664)
at org.testng.internal.invokers.TestInvoker.invokeTestMethod(TestInvoker.java:228)
at org.testng.internal.invokers.MethodRunner.runInSequence(MethodRunner.java:63)
at org.testng.internal.invokers.TestInvoker$MethodInvocationAgent.invoke(TestInvoker.java:961)
at org.testng.internal.invokers.TestInvoker.invokeTestMethods(TestInvoker.java:201)
at org.testng.internal.invokers.TestMethodWorker.invokeTestMethods(TestMethodWorker.java:148)
at org.testng.internal.invokers.TestMethodWorker.run(TestMethodWorker.java:128)
at java.base/java.util.ArrayList.forEach(ArrayList.java:1511)
at org.testng.TestRunner.privateRun(TestRunner.java:819)
at org.testng.TestRunner.run(TestRunner.java:619)
at org.testng.SuiteRunner.runTest(SuiteRunner.java:443)
at org.testng.SuiteRunner.runSequentially(SuiteRunner.java:437)
at org.testng.SuiteRunner.privateRun(SuiteRunner.java:397)
at org.testng.SuiteRunner.run(SuiteRunner.java:336)
at org.testng.SuiteRunnerWorker.runSuite(SuiteRunnerWorker.java:52)
at org.testng.SuiteRunnerWorker.run(SuiteRunnerWorker.java:95)
at org.testng.TestNG.runSuitesSequentially(TestNG.java:1301)
at org.testng.TestNG.runSuitesLocally(TestNG.java:1228)
at org.testng.TestNG.runSuites(TestNG.java:1134)
at org.testng.TestNG.run(TestNG.java:1101)
at org.testng.remote.AbstractRemoteTestNG.run(AbstractRemoteTestNG.java:115)
at org.testng.remote.RemoteTestNG.initAndRun(RemoteTestNG.java:293)
at org.testng.remote.RemoteTestNG.main(RemoteTestNG.java:91)
]]>
    </failure>
  </testcase> <!-- verifySimpleAlert -->
  <testcase classname="seleniumbasiccommands.Seleniumcommands" name="validateButtonIsEnabled" time="0.0">
    <ignored/>
  </testcase> <!-- validateButtonIsEnabled -->
  <testcase classname="seleniumbasiccommands.Seleniumcommands" name="validDemoWebshop" time="0.0">
    <ignored/>
  </testcase> <!-- validDemoWebshop -->
  <testcase classname="seleniumbasiccommands.Seleniumcommands" name="validatePromtAlert" time="0.0">
    <ignored/>
  </testcase> <!-- validatePromtAlert -->
  <testcase classname="seleniumbasiccommands.Seleniumcommands" name="dragAndDrop" time="0.0">
    <ignored/>
  </testcase> <!-- dragAndDrop -->
  <testcase classname="seleniumbasiccommands.Seleniumcommands" name="verifyRightClick" time="0.0">
    <ignored/>
  </testcase> <!-- verifyRightClick -->
  <testcase classname="seleniumbasiccommands.Seleniumcommands" name="demoWeb" time="0.0">
    <ignored/>
  </testcase> <!-- demoWeb -->
  <testcase classname="seleniumbasiccommands.Seleniumcommands" name="validateButtonIsDisplayed" time="0.0">
    <ignored/>
  </testcase> <!-- validateButtonIsDisplayed -->
  <testcase classname="seleniumbasiccommands.Seleniumcommands" name="dragAndDropOffset" time="0.0">
    <ignored/>
  </testcase> <!-- dragAndDropOffset -->
  <testcase classname="seleniumbasiccommands.Seleniumcommands" name="verifyConfirmationAlert" time="0.0">
    <ignored/>
  </testcase> <!-- verifyConfirmationAlert -->
  <testcase classname="seleniumbasiccommands.Seleniumcommands" name="verifyMultipleWindowHandling" time="0.0">
    <ignored/>
  </testcase> <!-- verifyMultipleWindowHandling -->
  <testcase classname="seleniumbasiccommands.Seleniumcommands" name="validateIsSelector" time="0.0">
    <ignored/>
  </testcase> <!-- validateIsSelector -->
  <testcase classname="seleniumbasiccommands.Seleniumcommands" name="guru" time="0.0">
    <ignored/>
  </testcase> <!-- guru -->
  <testcase classname="seleniumbasiccommands.Seleniumcommands" name="verifyDoubleClick" time="0.0">
    <ignored/>
  </testcase> <!-- verifyDoubleClick -->
  <testcase classname="seleniumbasiccommands.Seleniumcommands" name="verifyMultipleDropdown" time="0.0">
    <ignored/>
  </testcase> <!-- verifyMultipleDropdown -->
  <testcase classname="seleniumbasiccommands.Seleniumcommands" name="verifyMouseOver" time="0.0">
    <ignored/>
  </testcase> <!-- verifyMouseOver -->
</testsuite> <!-- Default test -->
